This file contains any messages produced by compilers while
running configure, to aid debugging if configure makes a mistake.

It was created by audit configure 3.0, which was
generated by GNU Autoconf 2.69.  Invocation command line was

  $ /home/luke/documents/java/RaptorClient/resources/audit-userspace/configure 

## --------- ##
## Platform. ##
## --------- ##

hostname = archie
uname -m = x86_64
uname -r = 5.1.5-arch1-2-ARCH
uname -s = Linux
uname -v = #1 SMP PREEMPT Mon May 27 03:37:39 UTC 2019

/usr/bin/uname -p = unknown
/bin/uname -X     = unknown

/bin/arch              = unknown
/usr/bin/arch -k       = unknown
/usr/convex/getsysinfo = unknown
/usr/bin/hostinfo      = unknown
/bin/machine           = unknown
/usr/bin/oslevel       = unknown
/bin/universe          = unknown

PATH: /sbin
PATH: /bin
PATH: /usr/local/sbin
PATH: /usr/local/bin
PATH: /usr/bin
PATH: /usr/bin/env
PATH: /usr/bin/site_perl
PATH: /usr/bin/vendor_perl
PATH: /usr/bin/core_perl
PATH: /home/luke/.rvm/bin
PATH: /opt
PATH: /opt
PATH: /home/luke/.rvm/bin


## ----------- ##
## Core tests. ##
## ----------- ##

configure:2619: checking build system type
configure:2633: result: x86_64-pc-linux-gnu
configure:2653: checking host system type
configure:2666: result: x86_64-pc-linux-gnu
configure:2686: checking target system type
configure:2699: result: x86_64-pc-linux-gnu
configure:2741: checking for a BSD-compatible install
configure:2809: result: /bin/install -c
configure:2820: checking whether build environment is sane
configure:2875: result: yes
configure:3024: checking for a thread-safe mkdir -p
configure:3063: result: /sbin/mkdir -p
configure:3070: checking for gawk
configure:3086: found /sbin/gawk
configure:3097: result: gawk
configure:3108: checking whether make sets $(MAKE)
configure:3130: result: yes
configure:3159: checking whether make supports nested variables
configure:3176: result: yes
configure:3193: error: source directory already configured; run "make distclean" there first

## ---------------- ##
## Cache variables. ##
## ---------------- ##

ac_cv_build=x86_64-pc-linux-gnu
ac_cv_env_CC_set=
ac_cv_env_CC_value=
ac_cv_env_CFLAGS_set=
ac_cv_env_CFLAGS_value=
ac_cv_env_CPPFLAGS_set=
ac_cv_env_CPPFLAGS_value=
ac_cv_env_CPP_set=
ac_cv_env_CPP_value=
ac_cv_env_LDFLAGS_set=
ac_cv_env_LDFLAGS_value=
ac_cv_env_LIBS_set=
ac_cv_env_LIBS_value=
ac_cv_env_LT_SYS_LIBRARY_PATH_set=
ac_cv_env_LT_SYS_LIBRARY_PATH_value=
ac_cv_env_PYTHON_set=
ac_cv_env_PYTHON_value=
ac_cv_env_build_alias_set=
ac_cv_env_build_alias_value=
ac_cv_env_host_alias_set=
ac_cv_env_host_alias_value=
ac_cv_env_target_alias_set=
ac_cv_env_target_alias_value=
ac_cv_host=x86_64-pc-linux-gnu
ac_cv_path_install='/bin/install -c'
ac_cv_path_mkdir=/sbin/mkdir
ac_cv_prog_AWK=gawk
ac_cv_prog_make_make_set=yes
ac_cv_target=x86_64-pc-linux-gnu
am_cv_make_support_nested_variables=yes

## ----------------- ##
## Output variables. ##
## ----------------- ##

ACLOCAL=''
AMDEPBACKSLASH=''
AMDEP_FALSE=''
AMDEP_TRUE=''
AMTAR=''
AM_BACKSLASH='\'
AM_DEFAULT_V='$(AM_DEFAULT_VERBOSITY)'
AM_DEFAULT_VERBOSITY='1'
AM_V='$(V)'
AR=''
AUTOCONF=''
AUTOHEADER=''
AUTOMAKE=''
AWK='gawk'
BUILD_EXEEXT=''
BUILD_OBJEXT=''
CAPNG_LDADD=''
CC=''
CCDEPMODE=''
CC_FOR_BUILD=''
CFLAGS=''
CFLAGS_FOR_BUILD=''
CPP=''
CPPFLAGS=''
CPPFLAGS_FOR_BUILD=''
CPP_FOR_BUILD=''
CYGPATH_W=''
DEBUG=''
DEBUG_FALSE=''
DEBUG_TRUE=''
DEFS=''
DEPDIR=''
DLLTOOL=''
DSYMUTIL=''
DUMPBIN=''
ECHO_C=''
ECHO_N='-n'
ECHO_T=''
EGREP=''
ENABLE_GSSAPI_FALSE=''
ENABLE_GSSAPI_TRUE=''
ENABLE_LISTENER_FALSE=''
ENABLE_LISTENER_TRUE=''
ENABLE_SYSTEMD_FALSE=''
ENABLE_SYSTEMD_TRUE=''
ENABLE_ZOS_REMOTE_FALSE=''
ENABLE_ZOS_REMOTE_TRUE=''
EXEEXT=''
FGREP=''
GOLANG=''
GOROOT=''
GREP=''
HAVE_GOLANG_FALSE=''
HAVE_GOLANG_TRUE=''
HAVE_PYTHON_FALSE=''
HAVE_PYTHON_TRUE=''
INSTALL_DATA='${INSTALL} -m 644'
INSTALL_PROGRAM='${INSTALL}'
INSTALL_SCRIPT='${INSTALL}'
INSTALL_STRIP_PROGRAM='$(install_sh) -c -s'
LD=''
LDFLAGS=''
LDFLAGS_FOR_BUILD=''
LIBOBJS=''
LIBPRELUDE_CFLAGS=''
LIBPRELUDE_LDFLAGS=''
LIBS=''
LIBTOOL=''
LIBTOOL_DEPS=''
LIBWRAP_LIBS=''
LIPO=''
LN_S=''
LTLIBOBJS=''
LT_SYS_LIBRARY_PATH=''
MAKEINFO=''
MANIFEST_TOOL=''
MKDIR_P='/sbin/mkdir -p'
NM=''
NMEDIT=''
OBJDUMP=''
OBJEXT=''
OTOOL64=''
OTOOL=''
PACKAGE=''
PACKAGE_BUGREPORT=''
PACKAGE_NAME='audit'
PACKAGE_STRING='audit 3.0'
PACKAGE_TARNAME='audit'
PACKAGE_URL=''
PACKAGE_VERSION='3.0'
PATH_SEPARATOR=':'
PYINCLUDEDIR=''
PYTHON3=''
PYTHON3_CFLAGS=''
PYTHON3_EXEC_PREFIX=''
PYTHON3_INCLUDES=''
PYTHON3_LIBS=''
PYTHON3_PREFIX=''
PYTHON=''
PYTHON_EXEC_PREFIX=''
PYTHON_PLATFORM=''
PYTHON_PREFIX=''
PYTHON_VERSION=''
RANLIB=''
SED=''
SET_MAKE=''
SHELL='/bin/sh'
STRIP=''
USE_AARCH64_FALSE=''
USE_AARCH64_TRUE=''
USE_ARM_FALSE=''
USE_ARM_TRUE=''
USE_PYTHON3_FALSE=''
USE_PYTHON3_TRUE=''
VERSION=''
ac_ct_AR=''
ac_ct_CC=''
ac_ct_CC_FOR_BUILD=''
ac_ct_DUMPBIN=''
am__EXEEXT_FALSE=''
am__EXEEXT_TRUE=''
am__fastdepCC_FALSE=''
am__fastdepCC_TRUE=''
am__include=''
am__isrc=' -I$(srcdir)'
am__leading_dot='.'
am__nodep=''
am__quote=''
am__tar=''
am__untar=''
bindir='${exec_prefix}/bin'
build='x86_64-pc-linux-gnu'
build_alias=''
build_cpu='x86_64'
build_os='linux-gnu'
build_vendor='pc'
datadir='${datarootdir}'
datarootdir='${prefix}/share'
docdir='${datarootdir}/doc/${PACKAGE_TARNAME}'
dvidir='${docdir}'
exec_prefix='NONE'
gss_libs=''
host='x86_64-pc-linux-gnu'
host_alias=''
host_cpu='x86_64'
host_os='linux-gnu'
host_vendor='pc'
htmldir='${docdir}'
includedir='${prefix}/include'
infodir='${datarootdir}/info'
install_sh='${SHELL} /home/luke/documents/java/RaptorClient/resources/audit-userspace/install-sh'
libdir='${exec_prefix}/lib'
libexecdir='${exec_prefix}/libexec'
localedir='${datarootdir}/locale'
localstatedir='${prefix}/var'
mandir='${datarootdir}/man'
mkdir_p=''
oldincludedir='/usr/include'
pdfdir='${docdir}'
pkgpyexecdir=''
pkgpythondir=''
prefix='NONE'
program_transform_name='s,x,x,'
psdir='${docdir}'
py3execdir=''
pybind_dir=''
pyexecdir=''
python3dir=''
pythondir=''
sbindir='${exec_prefix}/sbin'
sharedstatedir='${prefix}/com'
sysconfdir='${prefix}/etc'
target='x86_64-pc-linux-gnu'
target_alias=''
target_cpu='x86_64'
target_os='linux-gnu'
target_vendor='pc'
use_python3=''

## ----------- ##
## confdefs.h. ##
## ----------- ##

/* confdefs.h */
#define PACKAGE_NAME "audit"
#define PACKAGE_TARNAME "audit"
#define PACKAGE_VERSION "3.0"
#define PACKAGE_STRING "audit 3.0"
#define PACKAGE_BUGREPORT ""
#define PACKAGE_URL ""

configure: exit 1
