00:00  INFO:  ██████╗  █████╗ ██████╗ ████████╗ ██████╗ ██████╗
00:00  INFO:  ██╔══██╗██╔══██╗██╔══██╗╚══██╔══╝██╔═══██╗██╔══██╗
00:00  INFO:  ██████╔╝███████║██████╔╝   ██║   ██║   ██║██████╔╝
00:00  INFO:  ██╔══██╗██╔══██║██╔═══╝    ██║   ██║   ██║██╔══██╗
00:00  INFO:  ██║  ██║██║  ██║██║        ██║   ╚██████╔╝██║  ██║
00:00  INFO:  ╚═╝  ╚═╝╚═╝  ╚═╝╚═╝        ╚═╝    ╚═════╝ ╚═╝  ╚═╝
00:00  INFO:  --------------------------------------------------
00:00 DEBUG: Starting in master mode.
00:00 DEBUG: Spawning 255 threads with thread pool size 12 to find remote host.
00:00  INFO: Found host at 192.168.1.100:80
00:00  INFO: Found host at 192.168.1.254:80
00:00 DEBUG: All 255 threads have exited.
00:00  WARN: Found multiple raptor servers running at the same time
00:00  WARN: [192.168.1.100, 192.168.1.254]
00:00 DEBUG: [PATH] /home/luke/.rvm/gems/ruby-1.9.3-p551/bin:/home/luke/.rvm/gems/ruby-1.9.3-p551@global/bin:/home/luke/.rvm/rubies/ruby-1.9.3-p551/bin:/home/luke/.cargo/bin:/sbin:/bin:/usr/local/sbin:/usr/local/bin:/usr/bin:/usr/bin/env:/usr/lib/jvm/default/bin:/usr/bin/site_perl:/usr/bin/vendor_perl:/usr/bin/core_perl:/home/luke/.rvm/bin
00:00 DEBUG: [IRBRC] /home/luke/.rvm/rubies/ruby-1.9.3-p551/.irbrc
00:00 DEBUG: [XAUTHORITY] /home/luke/.lyxauth
00:00 DEBUG: [rvm_bin_path] /home/luke/.rvm/bin
00:00 DEBUG: [TERM] linux
00:00 DEBUG: [rvm_prefix] /home/luke
00:00 DEBUG: [LANG] en_GB.UTF-8
00:00 DEBUG: [DBUS_SESSION_BUS_ADDRESS] unix:path=/run/user/1000/bus
00:00 DEBUG: [XDG_SESSION_TYPE] tty
00:00 DEBUG: [XDG_SESSION_ID] 1
00:00 DEBUG: [DISPLAY] :0
00:00 DEBUG: [MAIL] /var/spool/mail/luke
00:00 DEBUG: [IDEA_JDK] /usr/lib/jvm/java-8-openjdk/
00:00 DEBUG: [MOZ_PLUGIN_PATH] /usr/lib/mozilla/plugins
00:00 DEBUG: [LOGNAME] luke
00:00 DEBUG: [rvm_version] 1.29.8 (latest)
00:00 DEBUG: [PWD] /home/luke/documents/java/RaptorClient
00:00 DEBUG: [XDG_SESSION_CLASS] user
00:00 DEBUG: [_] /usr/lib/jvm/java-8-openjdk//bin/java
00:00 DEBUG: [SHELL] /bin/zsh
00:00 DEBUG: [MY_RUBY_HOME] /home/luke/.rvm/rubies/ruby-1.9.3-p551
00:00 DEBUG: [OLDPWD] /usr/share/idea/bin
00:00 DEBUG: [GEM_HOME] /home/luke/.rvm/gems/ruby-1.9.3-p551
00:00 DEBUG: [USER] luke
00:00 DEBUG: [DESKTOP_STARTUP_ID] rofi/idea/1105-0-archie_TIME26759
00:00 DEBUG: [WINDOWPATH] 2
00:00 DEBUG: [rvm_path] /home/luke/.rvm
00:00 DEBUG: [XDG_SEAT] seat0
00:00 DEBUG: [RUBY_VERSION] ruby-1.9.3-p551
00:00 DEBUG: [GEM_PATH] /home/luke/.rvm/gems/ruby-1.9.3-p551:/home/luke/.rvm/gems/ruby-1.9.3-p551@global
00:00 DEBUG: [XDG_VTNR] 2
00:00 DEBUG: [XDG_RUNTIME_DIR] /run/user/1000
00:00 DEBUG: [HOME] /home/luke
00:00 DEBUG: [SHLVL] 1
00:00 DEBUG: 
00:00  INFO: Setup Information
00:00  INFO: --------------------------------------------------
00:00  INFO: Stage: initial
00:00  INFO: Controller: Master
00:00  INFO: Build ID: 0
00:00  INFO: Build Command: [make, -C, src/test/resources/testCompilationProject/8cc, -j, 12]
00:00  INFO: Local IP address:  192.168.1.100
00:00  INFO: Raptor IP address: 192.168.1.100
00:00  INFO: Slave IP addresses: []
00:00  INFO: Machine Status: TODO
00:00  INFO: Build Name: TODO
00:00 DEBUG: 
00:00  INFO: Clean Machine
00:00  INFO: --------------------------------------------------
00:00 DEBUG: 
00:00  INFO: Connecting to Slaves
00:00  INFO: --------------------------------------------------
00:00 DEBUG: 
00:00  INFO: Starting Monitors
00:00  INFO: --------------------------------------------------
00:00 DEBUG: Attempting to start /dev/null
00:00 DEBUG: Starting the ResourceMonitorWorker thread.
00:00 DEBUG: Starting the CPU System monitor thread.
00:00 DEBUG: Replacing the original /dev/null file.
00:00 DEBUG: Creating new /dev/null file
00:00 ERROR: Failed trying to move file from /dev/null to /dev/null.bk for an unknown reason.
00:00 ERROR: Could not backup original /dev/null
00:00 ERROR: Failed to create dev/null file.
00:00  INFO: monitors.NullCatcher@e45f292 started.
00:00  INFO: Starting configurations for the auditd remote multiplexing.
00:00 DEBUG: Audisp-Remote: true
00:00 DEBUG: Audisp: true
00:00 DEBUG: Executing [sudo, systemctl, stop, auditd]
00:00 ERROR: Failed: [sudo, systemctl, stop, auditd]
00:00 ERROR: returned with exit code: 6931
00:00 ERROR: Failed writing /audisp/au-remote.conf to /etc/audisp/plugins.d/au-remote.conf
00:00 ERROR: java.io.FileNotFoundException: /etc/audisp/plugins.d/au-remote.conf (Permission denied)
00:00 ERROR: Failed to start audisp, could not swap the configuration files.
00:00 ERROR: Audisp failed to setup
00:00 ERROR: Audit dispatcher failed to multiplex, falling back to slower method.
00:00 DEBUG: Starting monitors.auditd
00:00 DEBUG: Deleting previous auditctl rules
00:00 ERROR: Failed to delete the monitors.auditd rules with command: [sudo, auditctl, -D]
00:00 ERROR: Auditd failed to setup
00:00 ERROR: Raptor failed to interact successfully with Auditd.
00:00 ERROR: Auditd is required for initial Linux build.
00:00  INFO: Starting the bep-step thread.
00:00  INFO: Attaching to PID: -1
00:00  INFO: Build Script ran 0 different Shell/Python scripts.
00:00  INFO: Starting the bep-step thread.
00:00  INFO: Attaching to PID: 7270
00:00  INFO: Build Script ran 20 different Shell/Python scripts.
00:00 ERROR: java.io.FileNotFoundException: /home/luke/documents/java/RaptorClient/src/test/resources/auditme/auditd/fake (No such file or directory)
